\BOOKMARK [0][-]{chapter.1}{\376\377\000I\000n\000t\000r\000o\000d\000u\000c\000t\000i\000o\000n\000\040\000t\000o\000\040\000m\000o\000l\000e\000c\000u\000l\000a\000r\000\040\000d\000y\000n\000a\000m\000i\000c\000s}{}% 1
\BOOKMARK [1][-]{section.1.1}{\376\377\000T\000h\000e\000\040\000m\000i\000c\000r\000o\000s\000c\000o\000p\000i\000c\000\040\000d\000e\000s\000c\000r\000i\000p\000t\000i\000o\000n\000\040\000o\000f\000\040\000a\000t\000o\000m\000i\000c\000\040\000s\000y\000s\000t\000e\000m\000s}{chapter.1}% 2
\BOOKMARK [2][-]{subsection.1.1.1}{\376\377\000C\000l\000a\000s\000s\000i\000c\000a\000l\000\040\000p\000h\000a\000s\000e\000\040\000s\000p\000a\000c\000e}{section.1.1}% 3
\BOOKMARK [2][-]{subsection.1.1.2}{\376\377\000D\000y\000n\000a\000m\000i\000c\000a\000l\000\040\000d\000e\000s\000c\000r\000i\000p\000t\000i\000o\000n}{section.1.1}% 4
\BOOKMARK [2][-]{subsection.1.1.3}{\376\377\000R\000e\000d\000u\000c\000e\000d\000\040\000u\000n\000i\000t\000s}{section.1.1}% 5
\BOOKMARK [1][-]{section.1.2}{\376\377\000S\000t\000a\000t\000i\000s\000t\000i\000c\000a\000l\000\040\000e\000n\000s\000e\000m\000b\000l\000e\000s}{chapter.1}% 6
\BOOKMARK [2][-]{subsection.1.2.1}{\376\377\000M\000i\000c\000r\000o\000c\000a\000n\000o\000n\000i\000c\000a\000l\000\040\000e\000n\000s\000e\000m\000b\000l\000e}{section.1.2}% 7
\BOOKMARK [2][-]{subsection.1.2.2}{\376\377\000C\000a\000n\000o\000n\000i\000c\000a\000l\000\040\000e\000n\000s\000e\000m\000b\000l\000e}{section.1.2}% 8
\BOOKMARK [2][-]{subsection.1.2.3}{\376\377\000F\000r\000o\000m\000\040\000m\000i\000c\000r\000o\000s\000c\000o\000p\000i\000c\000\040\000d\000y\000n\000a\000m\000i\000c\000s\000\040\000t\000o\000\040\000m\000a\000c\000r\000o\000s\000c\000o\000p\000i\000c\000\040\000o\000b\000s\000e\000r\000v\000a\000b\000l\000e\000s}{section.1.2}% 9
\BOOKMARK [2][-]{subsection.1.2.4}{\376\377\000E\000x\000a\000m\000p\000l\000e\000s\000\040\000o\000f\000\040\000i\000n\000s\000t\000a\000n\000t\000a\000n\000e\000o\000u\000s\000\040\000o\000b\000s\000e\000r\000v\000a\000b\000l\000e\000s}{section.1.2}% 10
\BOOKMARK [2][-]{subsection.1.2.5}{\376\377\000E\000r\000g\000o\000d\000i\000c\000\040\000a\000v\000e\000r\000a\000g\000e\000s}{section.1.2}% 11
\BOOKMARK [0][-]{chapter.2}{\376\377\000S\000a\000m\000p\000l\000i\000n\000g\000\040\000e\000q\000u\000i\000l\000i\000b\000r\000i\000u\000m\000\040\000e\000n\000s\000e\000m\000b\000l\000e\000s}{}% 12
\BOOKMARK [1][-]{section.2.1}{\376\377\000P\000r\000o\000p\000e\000r\000t\000i\000e\000s\000\040\000o\000f\000\040\000H\000a\000m\000i\000l\000t\000o\000n\000i\000a\000n\000\040\000d\000y\000n\000a\000m\000i\000c\000s}{chapter.2}% 13
\BOOKMARK [1][-]{section.2.2}{\376\377\000M\000i\000c\000r\000o\000c\000a\000n\000o\000n\000i\000c\000a\000l\000\040\000a\000v\000e\000r\000a\000g\000e\000s}{chapter.2}% 14
\BOOKMARK [2][-]{subsection.2.2.1}{\376\377\000N\000u\000m\000e\000r\000i\000c\000a\000l\000\040\000s\000c\000h\000e\000m\000e\000s\000\040\000f\000o\000r\000\040\000H\000a\000m\000i\000l\000t\000o\000n\000i\000a\000n\000\040\000d\000y\000n\000a\000m\000i\000c\000s}{section.2.2}% 15
\BOOKMARK [2][-]{subsection.2.2.2}{\376\377\000P\000r\000o\000p\000e\000r\000t\000i\000e\000s\000\040\000o\000f\000\040\000s\000y\000m\000p\000l\000e\000c\000t\000i\000c\000\040\000s\000c\000h\000e\000m\000e\000s}{section.2.2}% 16
\BOOKMARK [2][-]{subsection.2.2.3}{\376\377\000S\000h\000o\000r\000t\000c\000o\000m\000i\000n\000g\000s\000\040\000o\000f\000\040\000t\000h\000e\000\040\000H\000a\000m\000i\000l\000t\000o\000n\000i\000a\000n\000\040\000a\000p\000p\000r\000o\000a\000c\000h}{section.2.2}% 17
\BOOKMARK [1][-]{section.2.3}{\376\377\000C\000a\000n\000o\000n\000i\000c\000a\000l\000\040\000a\000v\000e\000r\000a\000g\000e\000s}{chapter.2}% 18
\BOOKMARK [2][-]{subsection.2.3.1}{\376\377\000L\000a\000n\000g\000e\000v\000i\000n\000\040\000d\000y\000n\000a\000m\000i\000c\000s}{section.2.3}% 19
\BOOKMARK [2][-]{subsection.2.3.2}{\376\377\000P\000r\000o\000p\000e\000r\000t\000i\000e\000s\000\040\000o\000f\000\040\000t\000h\000e\000\040\000L\000a\000n\000g\000e\000v\000i\000n\000\040\000d\000y\000n\000a\000m\000i\000c\000s}{section.2.3}% 20
\BOOKMARK [2][-]{subsection.2.3.3}{\376\377\000O\000v\000e\000r\000d\000a\000m\000p\000e\000d\000\040\000l\000i\000m\000i\000t\000\040\000o\000f\000\040\000L\000a\000n\000g\000e\000v\000i\000n\000\040\000d\000y\000n\000a\000m\000i\000c\000s}{section.2.3}% 21
\BOOKMARK [2][-]{subsection.2.3.4}{\376\377\000S\000p\000l\000i\000t\000t\000i\000n\000g\000\040\000s\000c\000h\000e\000m\000e\000s\000\040\000f\000o\000r\000\040\000t\000h\000e\000\040\000L\000a\000n\000g\000e\000v\000i\000n\000\040\000d\000y\000n\000a\000m\000i\000c\000s}{section.2.3}% 22
\BOOKMARK [2][-]{subsection.2.3.5}{\376\377\000E\000r\000r\000o\000r\000\040\000a\000n\000a\000l\000y\000s\000i\000s\000\040\000f\000o\000r\000\040\000s\000p\000l\000i\000t\000t\000i\000n\000g\000\040\000s\000c\000h\000e\000m\000e\000s}{section.2.3}% 23
\BOOKMARK [2][-]{subsection.2.3.6}{\376\377\000U\000n\000b\000i\000a\000s\000e\000d\000\040\000s\000a\000m\000p\000l\000i\000n\000g}{section.2.3}% 24
\BOOKMARK [2][-]{subsection.2.3.7}{\376\377\000A\000s\000y\000m\000p\000t\000o\000t\000i\000c\000\040\000v\000a\000r\000i\000a\000n\000c\000e}{section.2.3}% 25
\BOOKMARK [2][-]{subsection.2.3.8}{\376\377\000I\000l\000l\000u\000s\000t\000r\000a\000t\000i\000o\000n\000:\000\040\000t\000h\000e\000\040\000e\000q\000u\000a\000t\000i\000o\000n\000\040\000o\000f\000\040\000s\000t\000a\000t\000e\000\040\000o\000f\000\040\000A\000r\000g\000o\000n}{section.2.3}% 26
\BOOKMARK [0][-]{chapter.3}{\376\377\000T\000r\000a\000n\000s\000p\000o\000r\000t\000\040\000c\000o\000e\000f\000f\000i\000c\000i\000e\000n\000t\000s}{}% 27
\BOOKMARK [1][-]{section.3.1}{\376\377\000N\000o\000n\000-\000e\000q\000u\000i\000l\000i\000b\000r\000i\000u\000m\000\040\000d\000y\000n\000a\000m\000i\000c\000s}{chapter.3}% 28
\BOOKMARK [1][-]{section.3.2}{\376\377\000L\000i\000n\000e\000a\000r\000\040\000r\000e\000s\000p\000o\000n\000s\000e\000\040\000t\000h\000e\000o\000r\000y}{chapter.3}% 29
\BOOKMARK [1][-]{section.3.3}{\376\377\000N\000u\000m\000e\000r\000i\000c\000a\000l\000\040\000s\000c\000h\000e\000m\000e\000s}{chapter.3}% 30
\BOOKMARK [0][-]{chapter.4}{\376\377\000A\000\040\000N\000o\000r\000t\000o\000n\000\040\000m\000e\000t\000h\000o\000d}{}% 31
\BOOKMARK [1][-]{section.4.1}{\376\377\000I\000n\000t\000r\000o\000d\000u\000c\000t\000i\000o\000n}{chapter.4}% 32
\BOOKMARK [1][-]{section.4.2}{\376\377\000N\000o\000r\000t\000o\000n\000\040\000d\000y\000n\000a\000m\000i\000c\000s\000\040\000f\000o\000r\000\040\000m\000o\000b\000i\000l\000i\000t\000y}{chapter.4}% 33
\BOOKMARK [2][-]{subsection.4.2.1}{\376\377\000T\000h\000e\000\040\000d\000y\000n\000a\000m\000i\000c\000s}{section.4.2}% 34
\BOOKMARK [2][-]{subsection.4.2.2}{\376\377\000A\000n\000a\000l\000y\000t\000i\000c\000\040\000c\000a\000l\000c\000u\000l\000a\000t\000i\000o\000n\000s\000\040\000f\000o\000r\000\040\000t\000h\000e\000\040\000k\000i\000n\000e\000t\000i\000c\000\040\000d\000y\000n\000a\000m\000i\000c\000s}{section.4.2}% 35
\BOOKMARK [1][-]{section.4.3}{\376\377\000S\000p\000l\000i\000t\000t\000i\000n\000g\000\040\000s\000c\000h\000e\000m\000e\000s}{chapter.4}% 36
\BOOKMARK [1][-]{section.4.4}{\376\377\000E\000s\000t\000i\000m\000a\000t\000i\000n\000g\000\040\000t\000r\000a\000n\000s\000p\000o\000r\000t\000\040\000c\000o\000e\000f\000f\000i\000c\000i\000e\000n\000t\000s}{chapter.4}% 37
\BOOKMARK [1][-]{section.4.5}{\376\377\000S\000h\000e\000a\000r\000\040\000v\000i\000s\000c\000o\000s\000i\000t\000y\000\040\000c\000o\000m\000p\000u\000t\000a\000t\000i\000o\000n\000s}{chapter.4}% 38
\BOOKMARK [2][-]{subsection.4.5.1}{\376\377\000T\000h\000e\000\040\000T\000h\000e\000v\000e\000n\000i\000n\000\040\000m\000e\000t\000h\000o\000d}{section.4.5}% 39
\BOOKMARK [2][-]{subsection.4.5.2}{\376\377\000A\000\040\000N\000o\000r\000t\000o\000n\000\040\000m\000e\000t\000h\000o\000d}{section.4.5}% 40
\BOOKMARK [2][-]{subsection.4.5.3}{\376\377\000N\000u\000m\000e\000r\000i\000c\000a\000l\000\040\000i\000n\000t\000e\000g\000r\000a\000t\000i\000o\000n}{section.4.5}% 41
\BOOKMARK [2][-]{subsection.4.5.4}{\376\377\000N\000u\000m\000e\000r\000i\000c\000a\000l\000\040\000r\000e\000s\000u\000l\000t\000s}{section.4.5}% 42
\BOOKMARK [0][-]{appendix.A}{\376\377\000I\000m\000p\000l\000e\000m\000e\000n\000t\000a\000t\000i\000o\000n\000\040\000d\000e\000t\000a\000i\000l\000s}{}% 43
\BOOKMARK [0][-]{appendix.B}{\376\377\000S\000t\000u\000d\000y\000\040\000o\000f\000\040\000t\000h\000e\000\040\000B\000A\000O\000A\000\040\000s\000c\000h\000e\000m\000e}{}% 44
\BOOKMARK [1][-]{subsection.B.0.1}{\376\377\000D\000e\000f\000i\000n\000i\000t\000i\000o\000n\000s\000\040\000a\000n\000d\000\040\000n\000o\000t\000a\000t\000i\000o\000n\000s}{appendix.B}% 45
\BOOKMARK [2][-]{subsection.B.0.2}{\376\377\000R\000e\000l\000a\000t\000i\000n\000g\000\040\000i\000n\000v\000a\000r\000i\000a\000n\000t\000\040\000m\000e\000a\000s\000u\000r\000e\000s\000\040\000o\000f\000\040\000d\000i\000s\000c\000r\000e\000t\000i\000z\000a\000t\000i\000o\000n\000\040\000s\000c\000h\000e\000m\000e\000s}{subsection.B.0.1}% 46
\BOOKMARK [2][-]{subsection.B.0.3}{\376\377\000E\000r\000r\000o\000r\000\040\000e\000s\000t\000i\000m\000a\000t\000e\000\040\000o\000n\000\040\000t\000h\000e\000\040\000p\000h\000a\000s\000e\000\040\000s\000p\000a\000c\000e\000\040\000m\000e\000a\000s\000u\000r\000e}{subsection.B.0.1}% 47
\BOOKMARK [2][-]{subsection.B.0.4}{\376\377\000E\000r\000r\000o\000r\000\040\000e\000s\000t\000i\000m\000a\000t\000e\000s\000\040\000o\000n\000\040\000t\000h\000e\000\040\000k\000i\000n\000e\000t\000i\000c\000\040\000m\000a\000r\000g\000i\000n\000a\000l\000\040\000d\000i\000s\000t\000r\000i\000b\000u\000t\000i\000o\000n\000s}{subsection.B.0.1}% 48
\BOOKMARK [2][-]{subsection.B.0.5}{\376\377\000A\000n\000a\000l\000y\000s\000i\000s\000\040\000o\000f\000\040\000t\000h\000e\000\040\000s\000e\000c\000o\000n\000d\000\040\000o\000r\000d\000e\000r\000\040\000e\000r\000r\000o\000r\000\040\000t\000e\000r\000m\000\040\000f\000o\000r\000\040\000k\000i\000n\000e\000t\000i\000c\000\040\000a\000v\000e\000r\000a\000g\000e\000s\000\040\000u\000n\000d\000e\000r\000\040\000t\000,\000P}{subsection.B.0.1}% 49
\BOOKMARK [2][-]{subsection.B.0.6}{\376\377\000A\000n\000a\000l\000y\000s\000i\000s\000\040\000o\000f\000\040\000t\000h\000e\000\040\000d\000i\000s\000c\000r\000e\000p\000a\000n\000c\000y\000\040\000b\000e\000t\000w\000e\000e\000n\000\040\000t\000h\000e\000\040\000d\000o\000m\000i\000n\000a\000n\000t\000\040\000e\000r\000r\000o\000r\000\040\000t\000e\000r\000m\000s\000\040\000o\000n\000\040\000t\000h\000e\000\040\000k\000i\000n\000e\000t\000i\000c\000\040\000m\000a\000r\000g\000i\000n\000a\000l\000s\000.}{subsection.B.0.1}% 50
\BOOKMARK [1][-]{section.B.1}{\376\377\000N\000u\000m\000e\000r\000i\000c\000a\000l\000\040\000r\000e\000s\000u\000l\000t\000s}{appendix.B}% 51
\BOOKMARK [2][-]{subsection.B.1.1}{\376\377\000M\000o\000d\000e\000l\000s}{section.B.1}% 52
\BOOKMARK [2][-]{subsection.B.1.2}{\376\377\000E\000q\000u\000a\000l\000i\000t\000y\000\040\000o\000f\000\040\000m\000a\000r\000g\000i\000n\000a\000l\000\040\000c\000o\000n\000f\000i\000g\000u\000r\000a\000t\000i\000o\000n\000a\000l\000\040\000d\000i\000s\000t\000r\000i\000b\000u\000t\000i\000o\000n\000s}{section.B.1}% 53
\BOOKMARK [2][-]{subsection.B.1.3}{\376\377\000C\000o\000m\000p\000a\000r\000i\000s\000o\000n\000\040\000o\000f\000\040\000m\000a\000r\000g\000i\000n\000a\000l\000\040\000k\000i\000n\000e\000t\000i\000c\000\040\000d\000i\000s\000t\000r\000i\000b\000u\000t\000i\000o\000n\000s}{section.B.1}% 54
\BOOKMARK [2][-]{subsection.B.1.4}{\376\377\000V\000e\000r\000i\000f\000i\000c\000a\000t\000i\000o\000n\000\040\000o\000f\000\040\000t\000h\000e\000\040\000f\000i\000r\000s\000t\000-\000o\000r\000d\000e\000r\000\040\000e\000x\000p\000a\000n\000s\000i\000o\000n}{section.B.1}% 55
\BOOKMARK [2][-]{subsection.B.1.5}{\376\377\000E\000x\000a\000m\000p\000l\000e\000\040\000o\000f\000\040\000f\000i\000r\000s\000t\000-\000o\000r\000d\000e\000r\000\040\000b\000i\000a\000s\000\040\000i\000n\000\040\000a\000\040\000B\000A\000O\000A\000\040\000a\000v\000e\000r\000a\000g\000e}{section.B.1}% 56
\BOOKMARK [2][-]{subsection.B.1.6}{\376\377\000E\000f\000f\000e\000c\000t\000\040\000o\000f\000\040\000t\000h\000e\000\040\000f\000r\000i\000c\000t\000i\000o\000n\000\040\000p\000a\000r\000a\000m\000e\000t\000e\000r}{section.B.1}% 57
\BOOKMARK [0][-]{appendix.C}{\376\377\000N\000o\000t\000a\000t\000i\000o\000n\000a\000l\000\040\000c\000o\000n\000v\000e\000n\000t\000i\000o\000n\000s}{}% 58
